# JRE version: Java(TM) SE Runtime Environment 18.9 (11.0.10+8) (build 11.0.10+8-LTS-162)
# Java VM: Java HotSpot(TM) 64-Bit Server VM 18.9 (11.0.10+8-LTS-162, mixed mode, tiered, compressed oops, g1 gc, windows-amd64)
Heap:
 garbage-first heap   total 315392K, used 15873K [0x0000000701e00000, 0x0000000800000000)
  region size 1024K, 5 young (5120K), 5 survivors (5120K)
 Metaspace       used 34727K, capacity 35772K, committed 35840K, reserved 1081344K
  class space    used 4220K, capacity 4608K, committed 4608K, reserved 1048576K
GC Heap History (9 events):
Event: 1.033 GC heap before
{Heap before GC invocations=0 (full 0):
 garbage-first heap   total 262144K, used 24576K [0x0000000701e00000, 0x0000000800000000)
  region size 1024K, 24 young (24576K), 0 survivors (0K)
 Metaspace       used 11314K, capacity 11728K, committed 11904K, reserved 1060864K
  class space    used 1168K, capacity 1299K, committed 1408K, reserved 1048576K
}
Event: 1.041 GC heap after
{Heap after GC invocations=1 (full 0):
 garbage-first heap   total 262144K, used 7975K [0x0000000701e00000, 0x0000000800000000)
  region size 1024K, 3 young (3072K), 3 survivors (3072K)
 Metaspace       used 11314K, capacity 11728K, committed 11904K, reserved 1060864K
  class space    used 1168K, capacity 1299K, committed 1408K, reserved 1048576K
}
Event: 2.031 GC heap before
{Heap before GC invocations=1 (full 0):
 garbage-first heap   total 262144K, used 55079K [0x0000000701e00000, 0x0000000800000000)
  region size 1024K, 50 young (51200K), 3 survivors (3072K)
 Metaspace       used 20515K, capacity 21155K, committed 21248K, reserved 1069056K
  class space    used 2270K, capacity 2528K, committed 2560K, reserved 1048576K
}
Event: 2.039 GC heap after
{Heap after GC invocations=2 (full 0):
 garbage-first heap   total 262144K, used 10919K [0x0000000701e00000, 0x0000000800000000)
  region size 1024K, 6 young (6144K), 6 survivors (6144K)
 Metaspace       used 20515K, capacity 21155K, committed 21248K, reserved 1069056K
  class space    used 2270K, capacity 2528K, committed 2560K, reserved 1048576K
}
Event: 2.570 GC heap before
{Heap before GC invocations=3 (full 0):
 garbage-first heap   total 262144K, used 58023K [0x0000000701e00000, 0x0000000800000000)
  region size 1024K, 53 young (54272K), 6 survivors (6144K)
 Metaspace       used 26040K, capacity 26936K, committed 27008K, reserved 1073152K
  class space    used 3115K, capacity 3430K, committed 3456K, reserved 1048576K
}
Event: 2.578 GC heap after
{Heap after GC invocations=4 (full 0):
 garbage-first heap   total 262144K, used 12984K [0x0000000701e00000, 0x0000000800000000)
  region size 1024K, 5 young (5120K), 5 survivors (5120K)
 Metaspace       used 26040K, capacity 26936K, committed 27008K, reserved 1073152K
  class space    used 3115K, capacity 3430K, committed 3456K, reserved 1048576K
}
Event: 3.559 GC heap before
{Heap before GC invocations=4 (full 0):
 garbage-first heap   total 262144K, used 81592K [0x0000000701e00000, 0x0000000800000000)
  region size 1024K, 72 young (73728K), 5 survivors (5120K)
 Metaspace       used 33160K, capacity 34203K, committed 34432K, reserved 1079296K
  class space    used 4006K, capacity 4407K, committed 4480K, reserved 1048576K
}
Event: 3.566 GC heap after
{Heap after GC invocations=5 (full 0):
 garbage-first heap   total 262144K, used 15756K [0x0000000701e00000, 0x0000000800000000)
  region size 1024K, 5 young (5120K), 5 survivors (5120K)
 Metaspace       used 33160K, capacity 34203K, committed 34432K, reserved 1079296K
  class space    used 4006K, capacity 4407K, committed 4480K, reserved 1048576K
}
Event: 3.744 GC heap before
{Heap before GC invocations=5 (full 0):
 garbage-first heap   total 262144K, used 25996K [0x0000000701e00000, 0x0000000800000000)
  region size 1024K, 16 young (16384K), 5 survivors (5120K)
 Metaspace       used 34727K, capacity 35772K, committed 35840K, reserved 1081344K
  class space    used 4220K, capacity 4608K, committed 4608K, reserved 1048576K
}

